<?xml version="1.0" encoding="UTF-8"?>
<!-- Generated by org.testng.reporters.JUnitReportReporter -->
<testsuite hostname="DESKTOP-H2MH4IG" name="com.training.sanity.tests.RETC_002_LoginRegUser" tests="1" failures="0" timestamp="19 May 2020 16:22:41 GMT" time="77.410" errors="0">
  <testcase name="regUserLoginTest" time="77.410" classname="com.training.sanity.tests.RETC_002_LoginRegUser"/>
</testsuite> <!-- com.training.sanity.tests.RETC_002_LoginRegUser -->
