<?xml version="1.0" encoding="UTF-8"?>
<!-- Generated by org.testng.reporters.JUnitReportReporter -->
<testsuite hostname="DESKTOP-H2MH4IG" name="com.training.sanity.tests.RETC_002_LoginRegUser" tests="1" failures="0" timestamp="18 May 2020 07:37:55 GMT" time="80.259" errors="0">
  <testcase name="regUserLoginTest" time="80.259" classname="com.training.sanity.tests.RETC_002_LoginRegUser"/>
</testsuite> <!-- com.training.sanity.tests.RETC_002_LoginRegUser -->
