<?xml version="1.0" encoding="UTF-8"?>
<!-- Generated by org.testng.reporters.JUnitReportReporter -->
<testsuite hostname="DESKTOP-H2MH4IG" name="com.training.sanity.tests.RETC_032_ViewEnquireCalculate" tests="3" failures="0" timestamp="19 May 2020 16:35:04 GMT" time="52.743" errors="0">
  <testcase name="clickNullamAptTest" time="7.509" classname="com.training.sanity.tests.RETC_032_ViewEnquireCalculate"/>
  <testcase name="arrowEnqCalcTest" time="31.977" classname="com.training.sanity.tests.RETC_032_ViewEnquireCalculate"/>
  <testcase name="adminLoginTest" time="13.257" classname="com.training.sanity.tests.RETC_032_ViewEnquireCalculate"/>
</testsuite> <!-- com.training.sanity.tests.RETC_032_ViewEnquireCalculate -->
