<?xml version="1.0" encoding="UTF-8"?>
<!-- Generated by org.testng.reporters.JUnitReportReporter -->
<testsuite hostname="DESKTOP-H2MH4IG" name="com.training.sanity.tests.RETC_063_EnqMultiUsers" tests="3" failures="0" timestamp="19 May 2020 16:59:30 GMT" time="291.417" errors="0">
  <testcase name="arrowEnqCalcTest" time="105.782" classname="com.training.sanity.tests.RETC_063_EnqMultiUsers"/>
  <testcase name="arrowEnqCalcTest" time="78.806" classname="com.training.sanity.tests.RETC_063_EnqMultiUsers"/>
  <testcase name="arrowEnqCalcTest" time="106.829" classname="com.training.sanity.tests.RETC_063_EnqMultiUsers"/>
</testsuite> <!-- com.training.sanity.tests.RETC_063_EnqMultiUsers -->
