<?xml version="1.0" encoding="UTF-8"?>
<!-- Generated by org.testng.reporters.JUnitReportReporter -->
<testsuite hostname="DESKTOP-H2MH4IG" name="com.training.sanity.tests.RETC_001_RegistrationTest" tests="1" failures="0" timestamp="19 May 2020 16:19:37 GMT" time="82.911" errors="0">
  <testcase name="validRegisterTest" time="82.911" classname="com.training.sanity.tests.RETC_001_RegistrationTest"/>
</testsuite> <!-- com.training.sanity.tests.RETC_001_RegistrationTest -->
