<?xml version="1.0" encoding="UTF-8"?>
<!-- Generated by org.testng.reporters.JUnitReportReporter -->
<testsuite hostname="DESKTOP-H2MH4IG" name="com.training.sanity.tests.RETC_061_RegisterMultiUsers" tests="2" failures="0" timestamp="19 May 2020 17:05:37 GMT" time="110.868" errors="0">
  <testcase name="loginDBTest" time="68.307" classname="com.training.sanity.tests.RETC_061_RegisterMultiUsers"/>
  <testcase name="loginDBTest" time="42.561" classname="com.training.sanity.tests.RETC_061_RegisterMultiUsers"/>
</testsuite> <!-- com.training.sanity.tests.RETC_061_RegisterMultiUsers -->
