<?xml version="1.0" encoding="UTF-8"?>
<!-- Generated by org.testng.reporters.JUnitReportReporter -->
<testsuite hostname="DESKTOP-H2MH4IG" name="com.training.sanity.tests.RETC_062_RegisterInvalidMultiUsers" tests="3" failures="0" timestamp="19 May 2020 16:54:23 GMT" time="203.949" errors="0">
  <testcase name="loginDBTest" time="68.091" classname="com.training.sanity.tests.RETC_062_RegisterInvalidMultiUsers"/>
  <testcase name="loginDBTest" time="66.626" classname="com.training.sanity.tests.RETC_062_RegisterInvalidMultiUsers"/>
  <testcase name="loginDBTest" time="69.232" classname="com.training.sanity.tests.RETC_062_RegisterInvalidMultiUsers"/>
</testsuite> <!-- com.training.sanity.tests.RETC_062_RegisterInvalidMultiUsers -->
